<?xml version="1.0" encoding="UTF-8"?>
<testsuite name="com.kodilla.stream.array.ArrayOperationsTestSuite" tests="1" skipped="0" failures="0" errors="0" timestamp="2018-10-24T16:57:39" hostname="monika-Lenovo-G50-45" time="0.056">
  <properties/>
  <testcase name="testGetAverage" classname="com.kodilla.stream.array.ArrayOperationsTestSuite" time="0.056"/>
  <system-out><![CDATA[-1
1
-2
2
-3
3
-4
4
-5
5
-6
6
-7
7
-8
8
1
1
3
4
]]></system-out>
  <system-err><![CDATA[]]></system-err>
</testsuite>
