<?xml version="1.0" encoding="UTF-8"?>
<testsuite name="com.kodilla.testing.shape.ShapeCollectorTestSuite" tests="4" skipped="0" failures="0" errors="0" timestamp="2018-10-11T20:14:24" hostname="monika-Lenovo-G50-45" time="0.006">
  <properties/>
  <testcase name="testGetShape" classname="com.kodilla.testing.shape.ShapeCollectorTestSuite" time="0.002"/>
  <testcase name="testShowFigures" classname="com.kodilla.testing.shape.ShapeCollectorTestSuite" time="0.002"/>
  <testcase name="testRemoveFigure" classname="com.kodilla.testing.shape.ShapeCollectorTestSuite" time="0.0"/>
  <testcase name="testAddFigure" classname="com.kodilla.testing.shape.ShapeCollectorTestSuite" time="0.001"/>
  <system-out><![CDATA[Beginning the tests
Running test 1
Running test 2
Running test 3
Running test 4
Tests finished
]]></system-out>
  <system-err><![CDATA[]]></system-err>
</testsuite>
