<?xml version="1.0" encoding="UTF-8"?>
<testsuite name="com.kodilla.testing.collection.CollectionTestSuite" tests="2" skipped="0" failures="0" errors="0" timestamp="2018-10-11T20:14:24" hostname="monika-Lenovo-G50-45" time="0.005">
  <properties/>
  <testcase name="testOddNumbersExterminatorEmptyList" classname="com.kodilla.testing.collection.CollectionTestSuite" time="0.004"/>
  <testcase name="testOddNumbersExterminatorNormalList" classname="com.kodilla.testing.collection.CollectionTestSuite" time="0.001"/>
  <system-out><![CDATA[Beginning the test case
Testing the empty list
Test case ended
Beginning the test case
Testing the non-empty list
Test case ended
]]></system-out>
  <system-err><![CDATA[]]></system-err>
</testsuite>
