<?xml version="1.0" encoding="UTF-8"?>
<testsuite name="com.kodilla.patterns.singleton.LoggerTestSuite" tests="1" skipped="0" failures="0" errors="0" timestamp="2019-01-06T20:25:20" hostname="monika-Lenovo-G50-45" time="0.001">
  <properties/>
  <testcase name="testGetLastLog" classname="com.kodilla.patterns.singleton.LoggerTestSuite" time="0.001"/>
  <system-out><![CDATA[Log: [Testlog]
]]></system-out>
  <system-err><![CDATA[]]></system-err>
</testsuite>
